<?xml version="1.0" encoding="UTF-8"?>
<testng-results ignored="0" total="1" passed="1" failed="0" skipped="0">
  <reporter-output>
    <line>
      <![CDATA[Expected Result = https://www.facebook.com/]]>
    </line>
    <line>
      <![CDATA[Actual Result = https://www.facebook.com/]]>
    </line>
  </reporter-output>
  <suite started-at="2025-05-27T17:01:27 IST" name="Default suite" finished-at="2025-05-27T17:01:29 IST" duration-ms="2092">
    <groups>
    </groups>
    <test started-at="2025-05-27T17:01:27 IST" name="Default test" finished-at="2025-05-27T17:01:29 IST" duration-ms="2092">
      <class name="test.BaiscValidation">
        <test-method is-config="true" signature="beforeTest()[pri:0, instance:test.BaiscValidation@60bdf15d]" started-at="2025-05-27T17:01:27 IST" name="beforeTest" finished-at="2025-05-27T17:01:29 IST" duration-ms="1918" status="PASS">
          <reporter-output>
          </reporter-output>
        </test-method> <!-- beforeTest -->
        <test-method signature="urlValidation()[pri:0, instance:test.BaiscValidation@60bdf15d]" started-at="2025-05-27T17:01:29 IST" name="urlValidation" finished-at="2025-05-27T17:01:29 IST" duration-ms="39" status="PASS">
          <reporter-output>
            <line>
              <![CDATA[Expected Result = https://www.facebook.com/]]>
            </line>
            <line>
              <![CDATA[Actual Result = https://www.facebook.com/]]>
            </line>
          </reporter-output>
        </test-method> <!-- urlValidation -->
        <test-method is-config="true" signature="afterTest()[pri:0, instance:test.BaiscValidation@60bdf15d]" started-at="2025-05-27T17:01:29 IST" name="afterTest" finished-at="2025-05-27T17:01:29 IST" duration-ms="85" status="PASS">
          <reporter-output>
          </reporter-output>
        </test-method> <!-- afterTest -->
      </class> <!-- test.BaiscValidation -->
    </test> <!-- Default test -->
  </suite> <!-- Default suite -->
</testng-results>
