<?xml version="1.0" encoding="UTF-8"?>
<testng-results ignored="0" total="1" passed="1" failed="0" skipped="0">
  <reporter-output>
    <line>
      <![CDATA[Expected Result = https://www.facebook.com/]]>
    </line>
    <line>
      <![CDATA[Actual Result = https://www.facebook.com/]]>
    </line>
  </reporter-output>
  <suite started-at="2025-05-28T14:18:26 IST" name="Suite" finished-at="2025-05-28T14:18:28 IST" duration-ms="2043">
    <groups>
    </groups>
    <test started-at="2025-05-28T14:18:26 IST" name="Test" finished-at="2025-05-28T14:18:28 IST" duration-ms="2043">
      <class name="test.BaiscValidation">
        <test-method is-config="true" signature="beforeTest()[pri:0, instance:test.BaiscValidation@10c8f62]" started-at="2025-05-28T14:18:26 IST" name="beforeTest" finished-at="2025-05-28T14:18:27 IST" duration-ms="1870" status="PASS">
          <reporter-output>
          </reporter-output>
        </test-method> <!-- beforeTest -->
        <test-method signature="urlValidation()[pri:0, instance:test.BaiscValidation@10c8f62]" started-at="2025-05-28T14:18:27 IST" name="urlValidation" finished-at="2025-05-28T14:18:27 IST" duration-ms="36" status="PASS">
          <reporter-output>
            <line>
              <![CDATA[Expected Result = https://www.facebook.com/]]>
            </line>
            <line>
              <![CDATA[Actual Result = https://www.facebook.com/]]>
            </line>
          </reporter-output>
        </test-method> <!-- urlValidation -->
        <test-method is-config="true" signature="afterTest()[pri:0, instance:test.BaiscValidation@10c8f62]" started-at="2025-05-28T14:18:27 IST" name="afterTest" finished-at="2025-05-28T14:18:28 IST" duration-ms="94" status="PASS">
          <reporter-output>
          </reporter-output>
        </test-method> <!-- afterTest -->
      </class> <!-- test.BaiscValidation -->
    </test> <!-- Test -->
  </suite> <!-- Suite -->
</testng-results>
